<?xml version="1.0" encoding="utf-8"?>
<TestRun id="2d405d35-fc6c-40ab-95a9-e8636c238c1e" name="sexto@SEXTONXPS 2025-10-12 12:47:49" runUser="SEXTONXPS\sexto" xmlns="http://microsoft.com/schemas/VisualStudio/TeamTest/2010">
  <Times creation="2025-10-12T12:47:49.1385161+01:00" queuing="2025-10-12T12:47:49.1385171+01:00" start="2025-10-12T12:44:27.5346498+01:00" finish="2025-10-12T12:47:51.8107512+01:00" />
  <TestSettings name="default" id="94ed2128-54c8-45d3-8850-6088cc9d5dc1">
    <Deployment runDeploymentRoot="sexto_SEXTONXPS_2025-10-12_12_47_49" />
  </TestSettings>
  <Results>
    <UnitTestResult executionId="c704c8fc-2b86-4151-b6ba-a9e4d25c22da" testId="f84aedb7-6d7d-f076-49e7-a20518a0d134" testName="Syrx.SqlServer.Tests.Performance.Tests.SimpleConnectionTest.DatabaseConnection_ShouldWork" computerName="SEXTONXPS" duration="00:00:00.1485190" startTime="2025-10-12T12:47:47.5130290+01:00" endTime="2025-10-12T12:47:47.5131834+01:00" testType="13cdc9d9-ddb5-4fa4-a97d-d965ccfc6d4b" outcome="Passed" testListId="8c84fa94-04c1-424b-9868-57a2d4851a1d" relativeResultsDirectory="c704c8fc-2b86-4151-b6ba-a9e4d25c22da" />
  </Results>
  <TestDefinitions>
    <UnitTest name="Syrx.SqlServer.Tests.Performance.Tests.SimpleConnectionTest.DatabaseConnection_ShouldWork" storage="c:\projects\syrx\syrx.sqlserver\tests\performance\syrx.sqlserver.tests.performance\bin\debug\net8.0\syrx.sqlserver.tests.performance.dll" id="f84aedb7-6d7d-f076-49e7-a20518a0d134">
      <Execution id="c704c8fc-2b86-4151-b6ba-a9e4d25c22da" />
      <TestMethod codeBase="C:\Projects\Syrx\Syrx.SqlServer\tests\performance\Syrx.SqlServer.Tests.Performance\bin\Debug\net8.0\Syrx.SqlServer.Tests.Performance.dll" adapterTypeName="executor://xunit/VsTestRunner2/netcoreapp" className="Syrx.SqlServer.Tests.Performance.Tests.SimpleConnectionTest" name="DatabaseConnection_ShouldWork" />
    </UnitTest>
  </TestDefinitions>
  <TestEntries>
    <TestEntry testId="f84aedb7-6d7d-f076-49e7-a20518a0d134" executionId="c704c8fc-2b86-4151-b6ba-a9e4d25c22da" testListId="8c84fa94-04c1-424b-9868-57a2d4851a1d" />
  </TestEntries>
  <TestLists>
    <TestList name="Results Not in a List" id="8c84fa94-04c1-424b-9868-57a2d4851a1d" />
    <TestList name="All Loaded Results" id="19431567-8539-422a-85d7-44ee4e166bda" />
  </TestLists>
  <ResultSummary outcome="Completed">
    <Counters total="1" executed="1" passed="1" failed="0" error="0" timeout="0" aborted="0" inconclusive="0" passedButRunAborted="0" notRunnable="0" notExecuted="0" disconnected="0" warning="0" completed="0" inProgress="0" pending="0" />
    <Output>
      <StdOut>[xUnit.net 00:00:00.01] xUnit.net VSTest Adapter v2.8.2+699d445a1a (64-bit .NET 8.0.20)&#xD;
[xUnit.net 00:00:00.98]   Discovering: Syrx.SqlServer.Tests.Performance&#xD;
[xUnit.net 00:00:01.43]   Discovered:  Syrx.SqlServer.Tests.Performance&#xD;
[xUnit.net 00:00:01.49]   Starting:    Syrx.SqlServer.Tests.Performance&#xD;
[PerformanceTestFixture] Starting SQL Server container for performance tests...&#xD;
info: Syrx.SqlServer.Tests.Performance.PerformanceTestFixture[0]&#xD;
      Connected to Docker:&#xD;
        Host: npipe://./pipe/docker_engine&#xD;
        Server Version: 28.5.1&#xD;
        Kernel Version: 6.6.87.2-microsoft-standard-WSL2&#xD;
        API Version: 1.51&#xD;
        Operating System: Docker Desktop&#xD;
        Total Memory: 15.55 GB&#xD;
        Labels: &#xD;
          com.docker.desktop.address=npipe://\\.\pipe\docker_cli&#xD;
info: Syrx.SqlServer.Tests.Performance.PerformanceTestFixture[0]&#xD;
      Docker container dcc1dcbcec94 created&#xD;
info: Syrx.SqlServer.Tests.Performance.PerformanceTestFixture[0]&#xD;
      Start Docker container dcc1dcbcec94&#xD;
info: Syrx.SqlServer.Tests.Performance.PerformanceTestFixture[0]&#xD;
      Wait for Docker container dcc1dcbcec94 to complete readiness checks&#xD;
info: Syrx.SqlServer.Tests.Performance.PerformanceTestFixture[0]&#xD;
      Docker container dcc1dcbcec94 ready&#xD;
info: Syrx.SqlServer.Tests.Performance.PerformanceTestFixture[0]&#xD;
      Docker container 6955fbda12ad created&#xD;
info: Syrx.SqlServer.Tests.Performance.PerformanceTestFixture[0]&#xD;
      Start Docker container 6955fbda12ad&#xD;
info: Syrx.SqlServer.Tests.Performance.PerformanceTestFixture[0]&#xD;
      ========================================================================================================================&#xD;
      Syrx Performance Tests: MsSqlContainer startup callback. Container details:&#xD;
      ========================================================================================================================&#xD;
      Name ............. : /interesting_heisenberg&#xD;
      Id ............... : 6955fbda12ade216f50f447f6c07c9c8514e13b6aa19acc9f8510e12c0aa72b3&#xD;
      State ............ : Running&#xD;
      Health ........... : None&#xD;
      CreatedTime ...... : 12/10/2025 11:44:49&#xD;
      Hostname ......... : 127.0.0.1&#xD;
      Image.FullName ... : mcr.microsoft.com/mssql/server:2022-latest&#xD;
      IpAddress ........ : 172.17.0.4&#xD;
      ConnectionString . : Server=127.0.0.1,56727;Database=master;User Id=sa;Password=YourStrong!Passw0rd123;TrustServerCertificate=True&#xD;
      ========================================================================================================================&#xD;
[PerformanceTestFixture] Executing database initialization scripts...&#xD;
[PerformanceTestFixture] Waiting for SQL Server to be ready...&#xD;
info: Syrx.SqlServer.Tests.Performance.PerformanceTestFixture[0]&#xD;
      Execute "/opt/mssql-tools18/bin/sqlcmd -S localhost -U sa -P YourStrong!Passw0rd123 -Q SELECT 1 -C" at Docker container 6955fbda12ad&#xD;
[PerformanceTestFixture] SQL Server not ready yet (attempt 1/30), waiting...&#xD;
info: Syrx.SqlServer.Tests.Performance.PerformanceTestFixture[0]&#xD;
      Execute "/opt/mssql-tools18/bin/sqlcmd -S localhost -U sa -P YourStrong!Passw0rd123 -Q SELECT 1 -C" at Docker container 6955fbda12ad&#xD;
[PerformanceTestFixture] SQL Server not ready yet (attempt 2/30), waiting...&#xD;
info: Syrx.SqlServer.Tests.Performance.PerformanceTestFixture[0]&#xD;
      Execute "/opt/mssql-tools18/bin/sqlcmd -S localhost -U sa -P YourStrong!Passw0rd123 -Q SELECT 1 -C" at Docker container 6955fbda12ad&#xD;
[PerformanceTestFixture] SQL Server not ready yet (attempt 3/30), waiting...&#xD;
info: Syrx.SqlServer.Tests.Performance.PerformanceTestFixture[0]&#xD;
      Execute "/opt/mssql-tools18/bin/sqlcmd -S localhost -U sa -P YourStrong!Passw0rd123 -Q SELECT 1 -C" at Docker container 6955fbda12ad&#xD;
[PerformanceTestFixture] SQL Server not ready yet (attempt 4/30), waiting...&#xD;
info: Syrx.SqlServer.Tests.Performance.PerformanceTestFixture[0]&#xD;
      Execute "/opt/mssql-tools18/bin/sqlcmd -S localhost -U sa -P YourStrong!Passw0rd123 -Q SELECT 1 -C" at Docker container 6955fbda12ad&#xD;
[PerformanceTestFixture] SQL Server not ready yet (attempt 5/30), waiting...&#xD;
info: Syrx.SqlServer.Tests.Performance.PerformanceTestFixture[0]&#xD;
      Execute "/opt/mssql-tools18/bin/sqlcmd -S localhost -U sa -P YourStrong!Passw0rd123 -Q SELECT 1 -C" at Docker container 6955fbda12ad&#xD;
[PerformanceTestFixture] SQL Server not ready yet (attempt 6/30), waiting...&#xD;
info: Syrx.SqlServer.Tests.Performance.PerformanceTestFixture[0]&#xD;
      Execute "/opt/mssql-tools18/bin/sqlcmd -S localhost -U sa -P YourStrong!Passw0rd123 -Q SELECT 1 -C" at Docker container 6955fbda12ad&#xD;
[PerformanceTestFixture] SQL Server not ready yet (attempt 7/30), waiting...&#xD;
info: Syrx.SqlServer.Tests.Performance.PerformanceTestFixture[0]&#xD;
      Execute "/opt/mssql-tools18/bin/sqlcmd -S localhost -U sa -P YourStrong!Passw0rd123 -Q SELECT 1 -C" at Docker container 6955fbda12ad&#xD;
[PerformanceTestFixture] SQL Server not ready yet (attempt 8/30), waiting...&#xD;
info: Syrx.SqlServer.Tests.Performance.PerformanceTestFixture[0]&#xD;
      Execute "/opt/mssql-tools18/bin/sqlcmd -S localhost -U sa -P YourStrong!Passw0rd123 -Q SELECT 1 -C" at Docker container 6955fbda12ad&#xD;
[PerformanceTestFixture] SQL Server not ready yet (attempt 9/30), waiting...&#xD;
info: Syrx.SqlServer.Tests.Performance.PerformanceTestFixture[0]&#xD;
      Execute "/opt/mssql-tools18/bin/sqlcmd -S localhost -U sa -P YourStrong!Passw0rd123 -Q SELECT 1 -C" at Docker container 6955fbda12ad&#xD;
[PerformanceTestFixture] SQL Server not ready yet (attempt 10/30), waiting...&#xD;
info: Syrx.SqlServer.Tests.Performance.PerformanceTestFixture[0]&#xD;
      Execute "/opt/mssql-tools18/bin/sqlcmd -S localhost -U sa -P YourStrong!Passw0rd123 -Q SELECT 1 -C" at Docker container 6955fbda12ad&#xD;
[PerformanceTestFixture] SQL Server not ready yet (attempt 11/30), waiting...&#xD;
info: Syrx.SqlServer.Tests.Performance.PerformanceTestFixture[0]&#xD;
      Execute "/opt/mssql-tools18/bin/sqlcmd -S localhost -U sa -P YourStrong!Passw0rd123 -Q SELECT 1 -C" at Docker container 6955fbda12ad&#xD;
[PerformanceTestFixture] SQL Server not ready yet (attempt 12/30), waiting...&#xD;
info: Syrx.SqlServer.Tests.Performance.PerformanceTestFixture[0]&#xD;
      Execute "/opt/mssql-tools18/bin/sqlcmd -S localhost -U sa -P YourStrong!Passw0rd123 -Q SELECT 1 -C" at Docker container 6955fbda12ad&#xD;
[PerformanceTestFixture] SQL Server not ready yet (attempt 13/30), waiting...&#xD;
info: Syrx.SqlServer.Tests.Performance.PerformanceTestFixture[0]&#xD;
      Execute "/opt/mssql-tools18/bin/sqlcmd -S localhost -U sa -P YourStrong!Passw0rd123 -Q SELECT 1 -C" at Docker container 6955fbda12ad&#xD;
[PerformanceTestFixture] SQL Server not ready yet (attempt 14/30), waiting...&#xD;
info: Syrx.SqlServer.Tests.Performance.PerformanceTestFixture[0]&#xD;
      Execute "/opt/mssql-tools18/bin/sqlcmd -S localhost -U sa -P YourStrong!Passw0rd123 -Q SELECT 1 -C" at Docker container 6955fbda12ad&#xD;
[PerformanceTestFixture] SQL Server is ready!&#xD;
[PerformanceTestFixture] Executing 01-create-database.sql...&#xD;
info: Syrx.SqlServer.Tests.Performance.PerformanceTestFixture[0]&#xD;
      Add file to tar archive: Content length: 321 byte(s), Target file: "/tmp/01-create-database.sql"&#xD;
info: Syrx.SqlServer.Tests.Performance.PerformanceTestFixture[0]&#xD;
      Copy tar archive to container: Content length: 321 byte(s), Docker container: 6955fbda12ad&#xD;
info: Syrx.SqlServer.Tests.Performance.PerformanceTestFixture[0]&#xD;
      Execute "/opt/mssql-tools18/bin/sqlcmd -S localhost -U sa -P YourStrong!Passw0rd123 -i /tmp/01-create-database.sql -C" at Docker container 6955fbda12ad&#xD;
[PerformanceTestFixture] Successfully executed 01-create-database.sql&#xD;
[PerformanceTestFixture] Executing 02-create-tables.sql...&#xD;
info: Syrx.SqlServer.Tests.Performance.PerformanceTestFixture[0]&#xD;
      Add file to tar archive: Content length: 3067 byte(s), Target file: "/tmp/02-create-tables.sql"&#xD;
info: Syrx.SqlServer.Tests.Performance.PerformanceTestFixture[0]&#xD;
      Copy tar archive to container: Content length: 3067 byte(s), Docker container: 6955fbda12ad&#xD;
info: Syrx.SqlServer.Tests.Performance.PerformanceTestFixture[0]&#xD;
      Execute "/opt/mssql-tools18/bin/sqlcmd -S localhost -U sa -P YourStrong!Passw0rd123 -i /tmp/02-create-tables.sql -C" at Docker container 6955fbda12ad&#xD;
[PerformanceTestFixture] Successfully executed 02-create-tables.sql&#xD;
[PerformanceTestFixture] Executing 03-create-procedures.sql...&#xD;
info: Syrx.SqlServer.Tests.Performance.PerformanceTestFixture[0]&#xD;
      Add file to tar archive: Content length: 4108 byte(s), Target file: "/tmp/03-create-procedures.sql"&#xD;
info: Syrx.SqlServer.Tests.Performance.PerformanceTestFixture[0]&#xD;
      Copy tar archive to container: Content length: 4108 byte(s), Docker container: 6955fbda12ad&#xD;
info: Syrx.SqlServer.Tests.Performance.PerformanceTestFixture[0]&#xD;
      Execute "/opt/mssql-tools18/bin/sqlcmd -S localhost -U sa -P YourStrong!Passw0rd123 -i /tmp/03-create-procedures.sql -C" at Docker container 6955fbda12ad&#xD;
[PerformanceTestFixture] Successfully executed 03-create-procedures.sql&#xD;
[PerformanceTestFixture] Executing 04-seed-data.sql...&#xD;
info: Syrx.SqlServer.Tests.Performance.PerformanceTestFixture[0]&#xD;
      Add file to tar archive: Content length: 2945 byte(s), Target file: "/tmp/04-seed-data.sql"&#xD;
info: Syrx.SqlServer.Tests.Performance.PerformanceTestFixture[0]&#xD;
      Copy tar archive to container: Content length: 2945 byte(s), Docker container: 6955fbda12ad&#xD;
info: Syrx.SqlServer.Tests.Performance.PerformanceTestFixture[0]&#xD;
      Execute "/opt/mssql-tools18/bin/sqlcmd -S localhost -U sa -P YourStrong!Passw0rd123 -i /tmp/04-seed-data.sql -C" at Docker container 6955fbda12ad&#xD;
[PerformanceTestFixture] Successfully executed 04-seed-data.sql&#xD;
[PerformanceTestFixture] Database initialization scripts completed&#xD;
info: Syrx.SqlServer.Tests.Performance.PerformanceTestFixture[0]&#xD;
      Wait for Docker container 6955fbda12ad to complete readiness checks&#xD;
info: Syrx.SqlServer.Tests.Performance.PerformanceTestFixture[0]&#xD;
      Execute "/opt/mssql-tools18/bin/sqlcmd -S localhost -U sa -P YourStrong!Passw0rd123 -Q SELECT 1 -C" at Docker container 6955fbda12ad&#xD;
info: Syrx.SqlServer.Tests.Performance.PerformanceTestFixture[0]&#xD;
      Docker container 6955fbda12ad ready&#xD;
[PerformanceTestFixture] Container started. Base connection: Server=127.0.0.1,56727;Database=master;User Id=sa;Password=YourStrong!Passw0rd123;TrustServerCertificate=True&#xD;
[PerformanceTestFixture] Performance database connection ready.&#xD;
[PerformanceTestFixture] Verifying database initialization using Syrx...&#xD;
[PerformanceTestFixture] V Stored procedure 'usp_get_by_category' exists&#xD;
[PerformanceTestFixture] V Stored procedure 'usp_get_paginated' exists&#xD;
[PerformanceTestFixture] V Stored procedure 'usp_bulk_insert_performance' exists&#xD;
[PerformanceTestFixture] V Stored procedure 'usp_increment_counter' exists&#xD;
[PerformanceTestFixture] Database initialization verified successfully using Syrx&#xD;
[PerformanceTestFixture] Initialization completed successfully&#xD;
info: Syrx.SqlServer.Tests.Performance.PerformanceTestFixture[0]&#xD;
      Delete Docker container 6955fbda12ad&#xD;
[PerformanceTestFixture] Container disposed&#xD;
[xUnit.net 00:03:16.16]   Finished:    Syrx.SqlServer.Tests.Performance&#xD;
</StdOut>
    </Output>
  </ResultSummary>
</TestRun>